[debug] [2017-08-22T19:20:47.403Z] ----------------------------------------------------------------------
[debug] [2017-08-22T19:20:47.408Z] Command:       /home/ssacp2/.nvm/versions/node/v6.10.0/bin/node /home/ssacp2/.nvm/versions/node/v6.10.0/bin/firebase deploy
[debug] [2017-08-22T19:20:47.408Z] CLI Version:   3.9.2
[debug] [2017-08-22T19:20:47.408Z] Platform:      linux
[debug] [2017-08-22T19:20:47.409Z] Node Version:  v6.10.0
[debug] [2017-08-22T19:20:47.409Z] Time:          Tue Aug 22 2017 16:20:47 GMT-0300 (BRT)
[debug] [2017-08-22T19:20:47.409Z] ----------------------------------------------------------------------
[debug] 
[debug] [2017-08-22T19:20:47.448Z] > command requires scopes: ["email","openid","https://www.googleapis.com/auth/cloudplatformprojects.readonly","https://www.googleapis.com/auth/firebase","https://www.googleapis.com/auth/cloud-platform"]
[debug] [2017-08-22T19:20:47.448Z] > authorizing via signed-in user
[debug] [2017-08-22T19:20:47.451Z] > refreshing access token with scopes: ["email","https://www.googleapis.com/auth/cloud-platform","https://www.googleapis.com/auth/cloudplatformprojects.readonly","https://www.googleapis.com/auth/firebase","openid"]
[debug] [2017-08-22T19:20:47.451Z] >>> HTTP REQUEST POST https://www.googleapis.com/oauth2/v3/token { refresh_token: '1/jf74pgizPCHasfdLLNz1gcgJjXvWACBfQNL8x7iaUKU',
  client_id: '563584335869-fgrhgmd47bqnekij5i8b5pr03ho849e6.apps.googleusercontent.com',
  client_secret: 'j9iVZfS8kkCEFUPaAeJV0sAi',
  grant_type: 'refresh_token',
  scope: 'email https://www.googleapis.com/auth/cloud-platform https://www.googleapis.com/auth/cloudplatformprojects.readonly https://www.googleapis.com/auth/firebase openid' } 
 Tue Aug 22 2017 16:20:47 GMT-0300 (BRT)
[debug] [2017-08-22T19:20:47.894Z] <<< HTTP RESPONSE 200
[debug] [2017-08-22T19:20:47.950Z] >>> HTTP REQUEST GET https://admin.firebase.com/v1/projects/sgo-dev  
 Tue Aug 22 2017 16:20:47 GMT-0300 (BRT)
